======================================================================
FORENSIC AUDIT: Frustration-Corrected Geiger-Nuttall Law
======================================================================
Timestamp: 2026-01-29T16:23:12.384589

Data hash (sha256[:16]): ca087ebb6025f1d3
N samples: 21

----------------------------------------------------------------------
BASELINE: Standard Geiger-Nuttall Law
----------------------------------------------------------------------
  Formula: log10(t) = slope * (Z/sqrt(Q)) + intercept
  slope = 1.4348
  intercept = -46.8164
  R² = 0.9822
  MAE(log10 t) = 0.5562

----------------------------------------------------------------------
EDC MODEL: Frustration-Corrected Geiger-Nuttall Law
----------------------------------------------------------------------
  Formula: log10(t) = a * (Z/sqrt(Q)) + c * eps_f + b
  a = 1.6286
  c = -2.4017
  b = -42.1277
  R² = 0.9941
  MAE(log10 t) = 0.3078

======================================================================
KEY RESULT: THE 44.7% IMPROVEMENT
======================================================================
  Metric: MAE on log10(t_half)
  Baseline MAE: 0.5562
  EDC MAE: 0.3078
  Formula: (MAE_baseline - MAE_edc) / MAE_baseline * 100

  >>> IMPROVEMENT: 44.7% <<<

----------------------------------------------------------------------
COMPARISON TABLE
----------------------------------------------------------------------
Metric               |     Baseline |          EDC |           Δ%
------------------------------------------------------------
R²                   |       0.9822 |       0.9941 |       +1.18pp
MAE(log10 t)         |       0.5562 |       0.3078 |       +44.7%
RMSE(log10 t)        |       0.8441 |       0.4875 |       +42.3%
MedAE(log10 t)       |       0.3106 |       0.2500 |       +19.5%

Results saved to: edc_papers/_shared/mn_gn_audit/comparison_results.json
